Using pre-set license
Built from '2022.3/staging' branch; Version is '2022.3.22f1 (887be4894c44) revision 8944612'; Using compiler version '192829333'; Build Type 'Release'
OS: 'Windows 10  (10.0.19045) 64bit Professional' Language: 'es' Physical Memory: 16223 MB
BatchMode: 1, IsHumanControllingUs: 0, StartBugReporterOnCrash: 0, Is64bit: 1, IsPro: 1

COMMAND LINE ARGUMENTS:
C:\Program Files\Unity\Hub\Editor\2022.3.22f1\Editor\Unity.exe
-adb2
-batchMode
-noUpm
-name
AssetImportWorker4
-projectPath
C:/Users/LAB01-15/Documents/GitHub/Dinastia_Nuclear
-logFile
Logs/AssetImportWorker4.log
-srvPort
50271
Successfully changed project path to: C:/Users/LAB01-15/Documents/GitHub/Dinastia_Nuclear
C:/Users/LAB01-15/Documents/GitHub/Dinastia_Nuclear
[UnityMemory] Configuration Parameters - Can be set up in boot.config
    "memorysetup-bucket-allocator-granularity=16"
    "memorysetup-bucket-allocator-bucket-count=8"
    "memorysetup-bucket-allocator-block-size=33554432"
    "memorysetup-bucket-allocator-block-count=8"
    "memorysetup-main-allocator-block-size=16777216"
    "memorysetup-thread-allocator-block-size=16777216"
    "memorysetup-gfx-main-allocator-block-size=16777216"
    "memorysetup-gfx-thread-allocator-block-size=16777216"
    "memorysetup-cache-allocator-block-size=4194304"
    "memorysetup-typetree-allocator-block-size=2097152"
    "memorysetup-profiler-bucket-allocator-granularity=16"
    "memorysetup-profiler-bucket-allocator-bucket-count=8"
    "memorysetup-profiler-bucket-allocator-block-size=33554432"
    "memorysetup-profiler-bucket-allocator-block-count=8"
    "memorysetup-profiler-allocator-block-size=16777216"
    "memorysetup-profiler-editor-allocator-block-size=1048576"
    "memorysetup-temp-allocator-size-main=16777216"
    "memorysetup-job-temp-allocator-block-size=2097152"
    "memorysetup-job-temp-allocator-block-size-background=1048576"
    "memorysetup-job-temp-allocator-reduction-small-platforms=262144"
    "memorysetup-allocator-temp-initial-block-size-main=262144"
    "memorysetup-allocator-temp-initial-block-size-worker=262144"
    "memorysetup-temp-allocator-size-background-worker=32768"
    "memorysetup-temp-allocator-size-job-worker=262144"
    "memorysetup-temp-allocator-size-preload-manager=33554432"
    "memorysetup-temp-allocator-size-nav-mesh-worker=65536"
    "memorysetup-temp-allocator-size-audio-worker=65536"
    "memorysetup-temp-allocator-size-cloud-worker=32768"
    "memorysetup-temp-allocator-size-gi-baking-worker=262144"
    "memorysetup-temp-allocator-size-gfx=262144"
Player connection [5732] Host "[IP] 100.0.0.88 [Port] 0 [Flags] 2 [Guid] 902004699 [EditorId] 902004699 [Version] 1048832 [Id] WindowsEditor(7,LAB01-15) [Debug] 1 [PackageName] WindowsEditor [ProjectName] Editor" joined multi-casting on [225.0.0.222:54997]...

Player connection [5732] Host "[IP] 100.0.0.88 [Port] 0 [Flags] 2 [Guid] 902004699 [EditorId] 902004699 [Version] 1048832 [Id] WindowsEditor(7,LAB01-15) [Debug] 1 [PackageName] WindowsEditor [ProjectName] Editor" joined alternative multi-casting on [225.0.0.222:34997]...

[Physics::Module] Initialized MultithreadedJobDispatcher with 19 workers.
Refreshing native plugins compatible for Editor in 9.41 ms, found 3 plugins.
Preloading 0 native plugins for Editor in 0.00 ms.
Initialize engine version: 2022.3.22f1 (887be4894c44)
[Subsystems] Discovering subsystems at path C:/Program Files/Unity/Hub/Editor/2022.3.22f1/Editor/Data/Resources/UnitySubsystems
[Subsystems] Discovering subsystems at path C:/Users/LAB01-15/Documents/GitHub/Dinastia_Nuclear/Assets
GfxDevice: creating device client; threaded=0; jobified=0
Direct3D:
    Version:  Direct3D 11.0 [level 11.1]
    Renderer: NVIDIA GeForce RTX 4060 (ID=0x2882)
    Vendor:   NVIDIA
    VRAM:     7957 MB
    Driver:   31.0.15.5212
Initialize mono
Mono path[0] = 'C:/Program Files/Unity/Hub/Editor/2022.3.22f1/Editor/Data/Managed'
Mono path[1] = 'C:/Program Files/Unity/Hub/Editor/2022.3.22f1/Editor/Data/MonoBleedingEdge/lib/mono/unityjit-win32'
Mono config path = 'C:/Program Files/Unity/Hub/Editor/2022.3.22f1/Editor/Data/MonoBleedingEdge/etc'
Using monoOptions --debugger-agent=transport=dt_socket,embedding=1,server=y,suspend=n,address=127.0.0.1:56816
Begin MonoManager ReloadAssembly
Registering precompiled unity dll's ...
Register platform support module: C:/Program Files/Unity/Hub/Editor/2022.3.22f1/Editor/Data/PlaybackEngines/WindowsStandaloneSupport/UnityEditor.WindowsStandalone.Extensions.dll
Registered in 0.008885 seconds.
- Loaded All Assemblies, in  0.340 seconds
Native extension for WindowsStandalone target not found
Mono: successfully reloaded assembly
- Finished resetting the current domain, in  0.273 seconds
Domain Reload Profiling: 610ms
	BeginReloadAssembly (108ms)
		ExecutionOrderSort (0ms)
		DisableScriptedObjects (0ms)
		BackupInstance (0ms)
		ReleaseScriptingObjects (0ms)
		CreateAndSetChildDomain (0ms)
	RebuildCommonClasses (34ms)
	RebuildNativeTypeToScriptingClass (12ms)
	initialDomainReloadingComplete (63ms)
	LoadAllAssembliesAndSetupDomain (121ms)
		LoadAssemblies (107ms)
		RebuildTransferFunctionScriptingTraits (0ms)
		AnalyzeDomain (119ms)
			TypeCache.Refresh (118ms)
				TypeCache.ScanAssembly (106ms)
			ScanForSourceGeneratedMonoScriptInfo (0ms)
			ResolveRequiredComponents (0ms)
	FinalizeReload (273ms)
		ReleaseScriptCaches (0ms)
		RebuildScriptCaches (0ms)
		SetupLoadedEditorAssemblies (215ms)
			LogAssemblyErrors (0ms)
			InitializePlatformSupportModulesInManaged (10ms)
			SetLoadedEditorAssemblies (7ms)
			RefreshPlugins (0ms)
			BeforeProcessingInitializeOnLoad (2ms)
			ProcessInitializeOnLoadAttributes (149ms)
			ProcessInitializeOnLoadMethodAttributes (47ms)
			AfterProcessingInitializeOnLoad (0ms)
			EditorAssembliesLoaded (0ms)
		ExecutionOrderSort2 (0ms)
		AwakeInstancesAfterBackupRestoration (0ms)
========================================================================
Worker process is ready to serve import requests
Begin MonoManager ReloadAssembly
- Loaded All Assemblies, in  0.593 seconds
Refreshing native plugins compatible for Editor in 3.96 ms, found 3 plugins.
Native extension for WindowsStandalone target not found
Package Manager log level set to [2]
[Package Manager] Server::EnsureServerProcessIsRunning -- launch failed, reason: Unity was launched with the -noUpm command-line argument
[Package Manager] UpmClient::Send -- Unable to send message (not connected to UPM process).
[Package Manager] Cannot connect to Unity Package Manager local server
Mono: successfully reloaded assembly
- Finished resetting the current domain, in  0.682 seconds
Domain Reload Profiling: 1271ms
	BeginReloadAssembly (134ms)
		ExecutionOrderSort (0ms)
		DisableScriptedObjects (6ms)
		BackupInstance (0ms)
		ReleaseScriptingObjects (0ms)
		CreateAndSetChildDomain (17ms)
	RebuildCommonClasses (31ms)
	RebuildNativeTypeToScriptingClass (11ms)
	initialDomainReloadingComplete (44ms)
	LoadAllAssembliesAndSetupDomain (369ms)
		LoadAssemblies (272ms)
		RebuildTransferFunctionScriptingTraits (0ms)
		AnalyzeDomain (174ms)
			TypeCache.Refresh (152ms)
				TypeCache.ScanAssembly (138ms)
			ScanForSourceGeneratedMonoScriptInfo (15ms)
			ResolveRequiredComponents (6ms)
	FinalizeReload (682ms)
		ReleaseScriptCaches (0ms)
		RebuildScriptCaches (0ms)
		SetupLoadedEditorAssemblies (528ms)
			LogAssemblyErrors (0ms)
			InitializePlatformSupportModulesInManaged (6ms)
			SetLoadedEditorAssemblies (4ms)
			RefreshPlugins (0ms)
			BeforeProcessingInitializeOnLoad (60ms)
			ProcessInitializeOnLoadAttributes (427ms)
			ProcessInitializeOnLoadMethodAttributes (22ms)
			AfterProcessingInitializeOnLoad (9ms)
			EditorAssembliesLoaded (0ms)
		ExecutionOrderSort2 (0ms)
		AwakeInstancesAfterBackupRestoration (6ms)
Launched and connected shader compiler UnityShaderCompiler.exe after 0.03 seconds
Refreshing native plugins compatible for Editor in 4.18 ms, found 3 plugins.
Preloading 0 native plugins for Editor in 0.00 ms.
Unloading 3570 Unused Serialized files (Serialized files now loaded: 0)
Unloading 75 unused Assets / (2.1 MB). Loaded Objects now: 4049.
Memory consumption went from 177.0 MB to 174.9 MB.
Total: 3.324200 ms (FindLiveObjects: 0.395000 ms CreateObjectMapping: 0.104000 ms MarkObjects: 2.342400 ms  DeleteObjects: 0.482000 ms)

AssetImportParameters requested are different than current active one (requested -> active):
  custom:container-demuxer-ogg: 62fdf1f143b41e24485cea50d1cbac27 -> 
  custom:video-decoder-ogg-theora: a1e56fd34408186e4bbccfd4996cb3dc -> 
  custom:framework-win-MediaFoundation: 216162199b28c13a410421893ffa2e32 -> 
  custom:CustomObjectIndexerAttribute: 9a22284fe3817be447336de3de66b15e -> 
  custom:container-demuxer-webm: 4f35f7cbe854078d1ac9338744f61a02 -> 
  custom:container-muxer-webm: aa71ff27fc2769a1b78a27578f13a17b -> 
  custom:video-decoder-webm-vp8: 9c59270c3fd7afecdb556c50c9e8de78 -> 
  custom:SearchIndexIgnoredProperties: e643bd26f0fe6173181afceb89e7c659 -> 
  custom:AudioImporter_EditorPlatform: d09bf68614088b80899f8185d706f6e7 -> 
  custom:video-encoder-webm-vp8: eb34c28f22e8b96e1ab97ce403110664 -> 
  custom:audio-decoder-ogg-vorbis: bf7c407c2cedff20999df2af8eb42d56 -> 
  custom:audio-encoder-webm-vorbis: bf7c407c2cedff20999df2af8eb42d56 -> 
========================================================================
Received Import Request.
  Time since last request: 1071.644918 seconds.
  path: Assets/Mapa_Y_Escenas/Textures/Asphalt/Seamless_asphalt_v1/Seamless_asphalt_v1.tga
  artifactKey: Guid(b0fe82528f70e8947aa0d123fa3194fe) Importer(815301076,1909f56bfc062723c751e8b465ee728b)
Start importing Assets/Mapa_Y_Escenas/Textures/Asphalt/Seamless_asphalt_v1/Seamless_asphalt_v1.tga using Guid(b0fe82528f70e8947aa0d123fa3194fe) Importer(815301076,1909f56bfc062723c751e8b465ee728b)  -> (artifact id: 'da099b6ba96c62ef811f3b6552599e33') in 0.058624 seconds
Number of updated asset objects reloaded before import = 0
Number of asset objects unloaded after import = 2
========================================================================
Received Import Request.
  Time since last request: 449.521557 seconds.
  path: Assets/ElementosNivel_1/Flooded_Grounds/Content/Textures/GR_Asphalt1_AS.tif
  artifactKey: Guid(1a925eec37989544899b54f458ec2f08) Importer(815301076,1909f56bfc062723c751e8b465ee728b)
Start importing Assets/ElementosNivel_1/Flooded_Grounds/Content/Textures/GR_Asphalt1_AS.tif using Guid(1a925eec37989544899b54f458ec2f08) Importer(815301076,1909f56bfc062723c751e8b465ee728b)  -> (artifact id: 'd330e3ef2d517d4166f6f109f9662101') in 0.034072 seconds
Number of updated asset objects reloaded before import = 0
Number of asset objects unloaded after import = 2
========================================================================
Received Import Request.
  Time since last request: 469.744648 seconds.
  path: Assets/Mapa_Y_Escenas/Nivel1.unity
  artifactKey: Guid(6207ab06c5572df499ebaf519ed74fad) Importer(815301076,1909f56bfc062723c751e8b465ee728b)
Start importing Assets/Mapa_Y_Escenas/Nivel1.unity using Guid(6207ab06c5572df499ebaf519ed74fad) Importer(815301076,1909f56bfc062723c751e8b465ee728b)  -> (artifact id: 'a2e52e696397dab9f6d55b43636f1e5a') in 0.000697 seconds
Number of updated asset objects reloaded before import = 0
Number of asset objects unloaded after import = 0
========================================================================
Received Import Request.
  Time since last request: 2.425828 seconds.
  path: Assets/Mapa_Y_Escenas/Nivel2.unity
  artifactKey: Guid(146d247a62fa5394db04ff22647d53d5) Importer(815301076,1909f56bfc062723c751e8b465ee728b)
Start importing Assets/Mapa_Y_Escenas/Nivel2.unity using Guid(146d247a62fa5394db04ff22647d53d5) Importer(815301076,1909f56bfc062723c751e8b465ee728b)  -> (artifact id: '98e8a38322556d2e3e2912aa239f6ae1') in 0.000674 seconds
Number of updated asset objects reloaded before import = 0
Number of asset objects unloaded after import = 0
========================================================================
Received Prepare
Begin MonoManager ReloadAssembly
IOException: Sharing violation on path C:\Users\LAB01-15\Documents\GitHub\Dinastia_Nuclear\ProjectSettings\Packages\com.unity.testtools.codecoverage\Settings.json
  at System.IO.FileStream..ctor (System.String path, System.IO.FileMode mode, System.IO.FileAccess access, System.IO.FileShare share, System.Int32 bufferSize, System.Boolean anonymous, System.IO.FileOptions options) [0x0019e] in <27124aa0e30a41659b903b822b959bc7>:0 
  at System.IO.FileStream..ctor (System.String path, System.IO.FileMode mode, System.IO.FileAccess access, System.IO.FileShare share, System.Int32 bufferSize, System.IO.FileOptions options) [0x00000] in <27124aa0e30a41659b903b822b959bc7>:0 
  at (wrapper remoting-invoke-with-check) System.IO.FileStream..ctor(string,System.IO.FileMode,System.IO.FileAccess,System.IO.FileShare,int,System.IO.FileOptions)
  at System.IO.StreamWriter..ctor (System.String path, System.Boolean append, System.Text.Encoding encoding, System.Int32 bufferSize) [0x00055] in <27124aa0e30a41659b903b822b959bc7>:0 
  at System.IO.StreamWriter..ctor (System.String path) [0x00008] in <27124aa0e30a41659b903b822b959bc7>:0 
  at (wrapper remoting-invoke-with-check) System.IO.StreamWriter..ctor(string)
  at System.IO.File.WriteAllText (System.String path, System.String contents) [0x00026] in <27124aa0e30a41659b903b822b959bc7>:0 
  at UnityEditor.SettingsManagement.FileSettingsRepository.Save () [0x000e2] in .\Library\PackageCache\com.unity.settings-manager@2.0.1\Editor\FileSettingsRepository.cs:154 
  at UnityEditor.AssemblyReloadEvents.OnBeforeAssemblyReload () [0x00017] in <80a8ce1980c648dca8e68f0d8aa3b930>:0 

(Filename: ./Library/PackageCache/com.unity.settings-manager@2.0.1/Editor/FileSettingsRepository.cs Line: 154)

- Loaded All Assemblies, in  0.462 seconds
Refreshing native plugins compatible for Editor in 4.58 ms, found 3 plugins.
Native extension for WindowsStandalone target not found
[Package Manager] Server::EnsureServerProcessIsRunning -- launch failed, reason: Unity was launched with the -noUpm command-line argument
[Package Manager] UpmClient::Send -- Unable to send message (not connected to UPM process).
[Package Manager] Cannot connect to Unity Package Manager local server
Mono: successfully reloaded assembly
- Finished resetting the current domain, in  1.246 seconds
Domain Reload Profiling: 1705ms
	BeginReloadAssembly (161ms)
		ExecutionOrderSort (0ms)
		DisableScriptedObjects (5ms)
		BackupInstance (0ms)
		ReleaseScriptingObjects (0ms)
		CreateAndSetChildDomain (33ms)
	RebuildCommonClasses (32ms)
	RebuildNativeTypeToScriptingClass (12ms)
	initialDomainReloadingComplete (31ms)
	LoadAllAssembliesAndSetupDomain (223ms)
		LoadAssemblies (291ms)
		RebuildTransferFunctionScriptingTraits (0ms)
		AnalyzeDomain (16ms)
			TypeCache.Refresh (6ms)
				TypeCache.ScanAssembly (0ms)
			ScanForSourceGeneratedMonoScriptInfo (0ms)
			ResolveRequiredComponents (8ms)
	FinalizeReload (1246ms)
		ReleaseScriptCaches (0ms)
		RebuildScriptCaches (0ms)
		SetupLoadedEditorAssemblies (589ms)
			LogAssemblyErrors (0ms)
			InitializePlatformSupportModulesInManaged (8ms)
			SetLoadedEditorAssemblies (5ms)
			RefreshPlugins (0ms)
			BeforeProcessingInitializeOnLoad (77ms)
			ProcessInitializeOnLoadAttributes (461ms)
			ProcessInitializeOnLoadMethodAttributes (26ms)
			AfterProcessingInitializeOnLoad (12ms)
			EditorAssembliesLoaded (0ms)
		ExecutionOrderSort2 (0ms)
		AwakeInstancesAfterBackupRestoration (8ms)
Refreshing native plugins compatible for Editor in 5.38 ms, found 3 plugins.
Preloading 0 native plugins for Editor in 0.00 ms.
Unloading 3474 Unused Serialized files (Serialized files now loaded: 0)
Unloading 44 unused Assets / (2.1 MB). Loaded Objects now: 4067.
Memory consumption went from 156.7 MB to 154.6 MB.
Total: 3.863800 ms (FindLiveObjects: 0.452900 ms CreateObjectMapping: 0.187900 ms MarkObjects: 2.486400 ms  DeleteObjects: 0.735500 ms)

Prepare: number of updated asset objects reloaded= 0
AssetImportParameters requested are different than current active one (requested -> active):
  custom:container-demuxer-ogg: 62fdf1f143b41e24485cea50d1cbac27 -> 
  custom:video-decoder-ogg-theora: a1e56fd34408186e4bbccfd4996cb3dc -> 
  custom:framework-win-MediaFoundation: 216162199b28c13a410421893ffa2e32 -> 
  custom:CustomObjectIndexerAttribute: 9a22284fe3817be447336de3de66b15e -> 
  custom:container-demuxer-webm: 4f35f7cbe854078d1ac9338744f61a02 -> 
  custom:container-muxer-webm: aa71ff27fc2769a1b78a27578f13a17b -> 
  custom:video-decoder-webm-vp8: 9c59270c3fd7afecdb556c50c9e8de78 -> 
  custom:SearchIndexIgnoredProperties: e643bd26f0fe6173181afceb89e7c659 -> 
  custom:AudioImporter_EditorPlatform: d09bf68614088b80899f8185d706f6e7 -> 
  custom:video-encoder-webm-vp8: eb34c28f22e8b96e1ab97ce403110664 -> 
  custom:audio-decoder-ogg-vorbis: bf7c407c2cedff20999df2af8eb42d56 -> 
  custom:audio-encoder-webm-vorbis: bf7c407c2cedff20999df2af8eb42d56 -> 
========================================================================
Received Prepare
Begin MonoManager ReloadAssembly
- Loaded All Assemblies, in  0.468 seconds
Refreshing native plugins compatible for Editor in 4.50 ms, found 3 plugins.
Native extension for WindowsStandalone target not found
[Package Manager] Server::EnsureServerProcessIsRunning -- launch failed, reason: Unity was launched with the -noUpm command-line argument
[Package Manager] UpmClient::Send -- Unable to send message (not connected to UPM process).
[Package Manager] Cannot connect to Unity Package Manager local server
Mono: successfully reloaded assembly
- Finished resetting the current domain, in  1.245 seconds
Domain Reload Profiling: 1709ms
	BeginReloadAssembly (156ms)
		ExecutionOrderSort (0ms)
		DisableScriptedObjects (6ms)
		BackupInstance (0ms)
		ReleaseScriptingObjects (0ms)
		CreateAndSetChildDomain (30ms)
	RebuildCommonClasses (32ms)
	RebuildNativeTypeToScriptingClass (12ms)
	initialDomainReloadingComplete (31ms)
	LoadAllAssembliesAndSetupDomain (233ms)
		LoadAssemblies (298ms)
		RebuildTransferFunctionScriptingTraits (0ms)
		AnalyzeDomain (18ms)
			TypeCache.Refresh (8ms)
				TypeCache.ScanAssembly (0ms)
			ScanForSourceGeneratedMonoScriptInfo (0ms)
			ResolveRequiredComponents (8ms)
	FinalizeReload (1245ms)
		ReleaseScriptCaches (0ms)
		RebuildScriptCaches (0ms)
		SetupLoadedEditorAssemblies (574ms)
			LogAssemblyErrors (0ms)
			InitializePlatformSupportModulesInManaged (8ms)
			SetLoadedEditorAssemblies (5ms)
			RefreshPlugins (0ms)
			BeforeProcessingInitializeOnLoad (76ms)
			ProcessInitializeOnLoadAttributes (448ms)
			ProcessInitializeOnLoadMethodAttributes (26ms)
			AfterProcessingInitializeOnLoad (10ms)
			EditorAssembliesLoaded (0ms)
		ExecutionOrderSort2 (0ms)
		AwakeInstancesAfterBackupRestoration (8ms)
Refreshing native plugins compatible for Editor in 4.31 ms, found 3 plugins.
Preloading 0 native plugins for Editor in 0.00 ms.
Unloading 3474 Unused Serialized files (Serialized files now loaded: 0)
Unloading 44 unused Assets / (2.1 MB). Loaded Objects now: 4082.
Memory consumption went from 158.6 MB to 156.5 MB.
Total: 3.639400 ms (FindLiveObjects: 0.419800 ms CreateObjectMapping: 0.099500 ms MarkObjects: 2.443900 ms  DeleteObjects: 0.675400 ms)

Prepare: number of updated asset objects reloaded= 0
AssetImportParameters requested are different than current active one (requested -> active):
  custom:container-demuxer-ogg: 62fdf1f143b41e24485cea50d1cbac27 -> 
  custom:video-decoder-ogg-theora: a1e56fd34408186e4bbccfd4996cb3dc -> 
  custom:framework-win-MediaFoundation: 216162199b28c13a410421893ffa2e32 -> 
  custom:CustomObjectIndexerAttribute: 9a22284fe3817be447336de3de66b15e -> 
  custom:container-demuxer-webm: 4f35f7cbe854078d1ac9338744f61a02 -> 
  custom:container-muxer-webm: aa71ff27fc2769a1b78a27578f13a17b -> 
  custom:video-decoder-webm-vp8: 9c59270c3fd7afecdb556c50c9e8de78 -> 
  custom:SearchIndexIgnoredProperties: e643bd26f0fe6173181afceb89e7c659 -> 
  custom:AudioImporter_EditorPlatform: d09bf68614088b80899f8185d706f6e7 -> 
  custom:video-encoder-webm-vp8: eb34c28f22e8b96e1ab97ce403110664 -> 
  custom:audio-decoder-ogg-vorbis: bf7c407c2cedff20999df2af8eb42d56 -> 
  custom:audio-encoder-webm-vorbis: bf7c407c2cedff20999df2af8eb42d56 -> 
========================================================================
Received Import Request.
  Time since last request: 313.076054 seconds.
  path: Assets/ElementosNivel_1/Flooded_Grounds/Content/Textures/GR_Moss1_AS.tif
  artifactKey: Guid(ce793f2aef81aaa4a80a1d6ec615e92b) Importer(815301076,1909f56bfc062723c751e8b465ee728b)
Start importing Assets/ElementosNivel_1/Flooded_Grounds/Content/Textures/GR_Moss1_AS.tif using Guid(ce793f2aef81aaa4a80a1d6ec615e92b) Importer(815301076,1909f56bfc062723c751e8b465ee728b)  -> (artifact id: '5899bf75e61a6e69446cd0fb202b79ba') in 0.064997 seconds
Number of updated asset objects reloaded before import = 0
Number of asset objects unloaded after import = 2
========================================================================
Received Import Request.
  Time since last request: 161.471851 seconds.
  path: Assets/Scripts/SaludEnemigo.cs
  artifactKey: Guid(616c4c87126d1a947897a9f7f1d9aa0f) Importer(815301076,1909f56bfc062723c751e8b465ee728b)
Start importing Assets/Scripts/SaludEnemigo.cs using Guid(616c4c87126d1a947897a9f7f1d9aa0f) Importer(815301076,1909f56bfc062723c751e8b465ee728b)  -> (artifact id: '1dd149b5119af2dcea544bb35b761a38') in 0.000678 seconds
Number of updated asset objects reloaded before import = 0
Number of asset objects unloaded after import = 0
========================================================================
Received Prepare
Begin MonoManager ReloadAssembly
- Loaded All Assemblies, in  0.456 seconds
Refreshing native plugins compatible for Editor in 3.88 ms, found 3 plugins.
Native extension for WindowsStandalone target not found
[Package Manager] Server::EnsureServerProcessIsRunning -- launch failed, reason: Unity was launched with the -noUpm command-line argument
[Package Manager] UpmClient::Send -- Unable to send message (not connected to UPM process).
[Package Manager] Cannot connect to Unity Package Manager local server
Mono: successfully reloaded assembly
- Finished resetting the current domain, in  1.187 seconds
Domain Reload Profiling: 1640ms
	BeginReloadAssembly (156ms)
		ExecutionOrderSort (0ms)
		DisableScriptedObjects (5ms)
		BackupInstance (0ms)
		ReleaseScriptingObjects (0ms)
		CreateAndSetChildDomain (34ms)
	RebuildCommonClasses (32ms)
	RebuildNativeTypeToScriptingClass (12ms)
	initialDomainReloadingComplete (34ms)
	LoadAllAssembliesAndSetupDomain (218ms)
		LoadAssemblies (288ms)
		RebuildTransferFunctionScriptingTraits (0ms)
		AnalyzeDomain (15ms)
			TypeCache.Refresh (6ms)
				TypeCache.ScanAssembly (0ms)
			ScanForSourceGeneratedMonoScriptInfo (0ms)
			ResolveRequiredComponents (7ms)
	FinalizeReload (1188ms)
		ReleaseScriptCaches (0ms)
		RebuildScriptCaches (0ms)
		SetupLoadedEditorAssemblies (576ms)
			LogAssemblyErrors (0ms)
			InitializePlatformSupportModulesInManaged (8ms)
			SetLoadedEditorAssemblies (5ms)
			RefreshPlugins (0ms)
			BeforeProcessingInitializeOnLoad (75ms)
			ProcessInitializeOnLoadAttributes (450ms)
			ProcessInitializeOnLoadMethodAttributes (27ms)
			AfterProcessingInitializeOnLoad (10ms)
			EditorAssembliesLoaded (0ms)
		ExecutionOrderSort2 (0ms)
		AwakeInstancesAfterBackupRestoration (8ms)
Refreshing native plugins compatible for Editor in 4.19 ms, found 3 plugins.
Preloading 0 native plugins for Editor in 0.00 ms.
Unloading 3474 Unused Serialized files (Serialized files now loaded: 0)
Unloading 44 unused Assets / (2.1 MB). Loaded Objects now: 4097.
Memory consumption went from 160.6 MB to 158.5 MB.
Total: 3.344100 ms (FindLiveObjects: 0.417800 ms CreateObjectMapping: 0.099100 ms MarkObjects: 2.320800 ms  DeleteObjects: 0.505500 ms)

Prepare: number of updated asset objects reloaded= 0
AssetImportParameters requested are different than current active one (requested -> active):
  custom:container-demuxer-ogg: 62fdf1f143b41e24485cea50d1cbac27 -> 
  custom:video-decoder-ogg-theora: a1e56fd34408186e4bbccfd4996cb3dc -> 
  custom:framework-win-MediaFoundation: 216162199b28c13a410421893ffa2e32 -> 
  custom:CustomObjectIndexerAttribute: 9a22284fe3817be447336de3de66b15e -> 
  custom:container-demuxer-webm: 4f35f7cbe854078d1ac9338744f61a02 -> 
  custom:container-muxer-webm: aa71ff27fc2769a1b78a27578f13a17b -> 
  custom:video-decoder-webm-vp8: 9c59270c3fd7afecdb556c50c9e8de78 -> 
  custom:SearchIndexIgnoredProperties: e643bd26f0fe6173181afceb89e7c659 -> 
  custom:AudioImporter_EditorPlatform: d09bf68614088b80899f8185d706f6e7 -> 
  custom:video-encoder-webm-vp8: eb34c28f22e8b96e1ab97ce403110664 -> 
  custom:audio-decoder-ogg-vorbis: bf7c407c2cedff20999df2af8eb42d56 -> 
  custom:audio-encoder-webm-vorbis: bf7c407c2cedff20999df2af8eb42d56 -> 
========================================================================
Received Import Request.
  Time since last request: 470.004903 seconds.
  path: Assets/Prefabs/Ebrio.prefab
  artifactKey: Guid(076c914ef4631a14e9d598808b09e3cf) Importer(815301076,1909f56bfc062723c751e8b465ee728b)
Start importing Assets/Prefabs/Ebrio.prefab using Guid(076c914ef4631a14e9d598808b09e3cf) Importer(815301076,1909f56bfc062723c751e8b465ee728b)  -> (artifact id: 'b7d77aeb056028b44ad55c183563af29') in 0.192976 seconds
Number of updated asset objects reloaded before import = 0
Number of asset objects unloaded after import = 207
========================================================================
Received Import Request.
  Time since last request: 0.000015 seconds.
  path: Assets/Prefabs/The Boss (General).prefab
  artifactKey: Guid(091d3f63f3cab824c84eaf1e5d3a5c43) Importer(815301076,1909f56bfc062723c751e8b465ee728b)
Start importing Assets/Prefabs/The Boss (General).prefab using Guid(091d3f63f3cab824c84eaf1e5d3a5c43) Importer(815301076,1909f56bfc062723c751e8b465ee728b)  -> (artifact id: '5414989c76484cafc10427f2692c9d4e') in 0.164863 seconds
Number of updated asset objects reloaded before import = 0
Number of asset objects unloaded after import = 428
========================================================================
Received Import Request.
  Time since last request: 1.600133 seconds.
  path: Assets/Prefabs/Canvas.prefab
  artifactKey: Guid(4831795c792637c4c9324bed024e1eb3) Importer(815301076,1909f56bfc062723c751e8b465ee728b)
Start importing Assets/Prefabs/Canvas.prefab using Guid(4831795c792637c4c9324bed024e1eb3) Importer(815301076,1909f56bfc062723c751e8b465ee728b)  -> (artifact id: 'fae94976e87df6d3e91395ddf22f7e94') in 0.006130 seconds
Number of updated asset objects reloaded before import = 0
Number of asset objects unloaded after import = 15
========================================================================
Received Import Request.
  Time since last request: 0.027310 seconds.
  path: Assets/Prefabs/EventSystem.prefab
  artifactKey: Guid(1b11b2ed44f7e124bb4bce4c5444ad1b) Importer(815301076,1909f56bfc062723c751e8b465ee728b)
Start importing Assets/Prefabs/EventSystem.prefab using Guid(1b11b2ed44f7e124bb4bce4c5444ad1b) Importer(815301076,1909f56bfc062723c751e8b465ee728b)  -> (artifact id: '3aaa5214998f6081114f54eab14d4a0f') in 0.003549 seconds
Number of updated asset objects reloaded before import = 0
Number of asset objects unloaded after import = 6
========================================================================
Received Import Request.
  Time since last request: 569.976411 seconds.
  path: Assets/ElementosNivel_1/New Terrain.asset
  artifactKey: Guid(f1f05e39a0f824b45aa4e1f17f6a9c1e) Importer(815301076,1909f56bfc062723c751e8b465ee728b)
Start importing Assets/ElementosNivel_1/New Terrain.asset using Guid(f1f05e39a0f824b45aa4e1f17f6a9c1e) Importer(815301076,1909f56bfc062723c751e8b465ee728b)  -> (artifact id: '477bc620a4b801ad475abf34bd4f266c') in 0.088996 seconds
Number of updated asset objects reloaded before import = 0
Number of asset objects unloaded after import = 42
========================================================================
Received Import Request.
  Time since last request: 0.000024 seconds.
  path: Assets/ElementosNivel_1/TerrainData_14b56951-aae7-4e9e-92be-a81898100ceb.asset
  artifactKey: Guid(23bbc8e022df3f744863e66f4e231892) Importer(815301076,1909f56bfc062723c751e8b465ee728b)
Start importing Assets/ElementosNivel_1/TerrainData_14b56951-aae7-4e9e-92be-a81898100ceb.asset using Guid(23bbc8e022df3f744863e66f4e231892) Importer(815301076,1909f56bfc062723c751e8b465ee728b)  -> (artifact id: '165465b8ecc95e370cff1e159909cd8d') in 0.022662 seconds
Number of updated asset objects reloaded before import = 0
Number of asset objects unloaded after import = 3
========================================================================
Received Import Request.
  Time since last request: 6.397562 seconds.
  path: Assets/Mapa_Y_Escenas/Boxes
  artifactKey: Guid(8ec65bee3ba4fe246be437af1457c34b) Importer(815301076,1909f56bfc062723c751e8b465ee728b)
Start importing Assets/Mapa_Y_Escenas/Boxes using Guid(8ec65bee3ba4fe246be437af1457c34b) Importer(815301076,1909f56bfc062723c751e8b465ee728b)  -> (artifact id: '6ae2a60366bd05288e87af12d72407fe') in 0.000676 seconds
Number of updated asset objects reloaded before import = 0
Number of asset objects unloaded after import = 0
========================================================================
Received Import Request.
  Time since last request: 2.115155 seconds.
  path: Assets/Mapa_Y_Escenas/Buildings
  artifactKey: Guid(a72a9631e12630c48853eb7cdbf86ad8) Importer(815301076,1909f56bfc062723c751e8b465ee728b)
Start importing Assets/Mapa_Y_Escenas/Buildings using Guid(a72a9631e12630c48853eb7cdbf86ad8) Importer(815301076,1909f56bfc062723c751e8b465ee728b)  -> (artifact id: '5b0d97175455a036c7820ba9223f5297') in 0.000658 seconds
Number of updated asset objects reloaded before import = 0
Number of asset objects unloaded after import = 0
========================================================================
Received Import Request.
  Time since last request: 0.980566 seconds.
  path: Assets/Mapa_Y_Escenas/Buildings/Industrial
  artifactKey: Guid(10349e73b5ac8e24e8806240d4629f63) Importer(815301076,1909f56bfc062723c751e8b465ee728b)
Start importing Assets/Mapa_Y_Escenas/Buildings/Industrial using Guid(10349e73b5ac8e24e8806240d4629f63) Importer(815301076,1909f56bfc062723c751e8b465ee728b)  -> (artifact id: '142f8f431076ce14047856a04fc66ae7') in 0.000634 seconds
Number of updated asset objects reloaded before import = 0
Number of asset objects unloaded after import = 0
========================================================================
Received Import Request.
  Time since last request: 0.574530 seconds.
  path: Assets/Mapa_Y_Escenas/Buildings/Industrial/Hangars
  artifactKey: Guid(4c982f4402ca9a4408e37318a25a79ec) Importer(815301076,1909f56bfc062723c751e8b465ee728b)
Start importing Assets/Mapa_Y_Escenas/Buildings/Industrial/Hangars using Guid(4c982f4402ca9a4408e37318a25a79ec) Importer(815301076,1909f56bfc062723c751e8b465ee728b)  -> (artifact id: '1bf50686a24e18c7ca671f89f78e4c81') in 0.000582 seconds
Number of updated asset objects reloaded before import = 0
Number of asset objects unloaded after import = 0
========================================================================
Received Import Request.
  Time since last request: 0.105251 seconds.
  path: Assets/Mapa_Y_Escenas/Buildings/Industrial/Hangars/Hangar_v1
  artifactKey: Guid(4c8023777983aac40b22a680df794308) Importer(815301076,1909f56bfc062723c751e8b465ee728b)
Start importing Assets/Mapa_Y_Escenas/Buildings/Industrial/Hangars/Hangar_v1 using Guid(4c8023777983aac40b22a680df794308) Importer(815301076,1909f56bfc062723c751e8b465ee728b)  -> (artifact id: 'a0bd92224258639e0e880bae06df36e9') in 0.000518 seconds
Number of updated asset objects reloaded before import = 0
Number of asset objects unloaded after import = 0
========================================================================
Received Import Request.
  Time since last request: 0.760957 seconds.
  path: Assets/Mapa_Y_Escenas/Buildings/Industrial/Hangars/Hangar_v2
  artifactKey: Guid(72dfc2ece541be14887885625f78ea37) Importer(815301076,1909f56bfc062723c751e8b465ee728b)
Start importing Assets/Mapa_Y_Escenas/Buildings/Industrial/Hangars/Hangar_v2 using Guid(72dfc2ece541be14887885625f78ea37) Importer(815301076,1909f56bfc062723c751e8b465ee728b)  -> (artifact id: '0fd1cc1abc7233d83d499c8d3b77477d') in 0.000644 seconds
Number of updated asset objects reloaded before import = 0
Number of asset objects unloaded after import = 0
========================================================================
Received Import Request.
  Time since last request: 0.070515 seconds.
  path: Assets/Mapa_Y_Escenas/Buildings/Industrial/Hangars/Hangar_v2/Hangar_v2.prefab
  artifactKey: Guid(dfec00be6c7c5b944991547485554901) Importer(815301076,1909f56bfc062723c751e8b465ee728b)
Start importing Assets/Mapa_Y_Escenas/Buildings/Industrial/Hangars/Hangar_v2/Hangar_v2.prefab using Guid(dfec00be6c7c5b944991547485554901) Importer(815301076,1909f56bfc062723c751e8b465ee728b)  -> (artifact id: 'a439044768727e6488cf791e94edbd9c') in 0.023384 seconds
Number of updated asset objects reloaded before import = 0
Number of asset objects unloaded after import = 18
========================================================================
Received Import Request.
  Time since last request: 0.000610 seconds.
  path: Assets/Mapa_Y_Escenas/Buildings/Industrial/Hangars/Hangar_v2/Hangar_v2_3.prefab
  artifactKey: Guid(61c787ad40ab08f409a57210cd8e416b) Importer(815301076,1909f56bfc062723c751e8b465ee728b)
Start importing Assets/Mapa_Y_Escenas/Buildings/Industrial/Hangars/Hangar_v2/Hangar_v2_3.prefab using Guid(61c787ad40ab08f409a57210cd8e416b) Importer(815301076,1909f56bfc062723c751e8b465ee728b)  -> (artifact id: '82d81d348982e709ba07ae79e954e723') in 0.022374 seconds
Number of updated asset objects reloaded before import = 0
Number of asset objects unloaded after import = 9
========================================================================
Received Import Request.
  Time since last request: 0.000448 seconds.
  path: Assets/Mapa_Y_Escenas/Buildings/Industrial/Hangars/Hangar_v2/Hangar_v2_5.prefab
  artifactKey: Guid(b3faa789917d5c74cb7bc3765ff6950c) Importer(815301076,1909f56bfc062723c751e8b465ee728b)
Start importing Assets/Mapa_Y_Escenas/Buildings/Industrial/Hangars/Hangar_v2/Hangar_v2_5.prefab using Guid(b3faa789917d5c74cb7bc3765ff6950c) Importer(815301076,1909f56bfc062723c751e8b465ee728b)  -> (artifact id: '03146726fa3a537b27ec21dc2756d3da') in 0.007875 seconds
Number of updated asset objects reloaded before import = 0
Number of asset objects unloaded after import = 9
========================================================================
Received Import Request.
  Time since last request: 0.000016 seconds.
  path: Assets/Mapa_Y_Escenas/Buildings/Industrial/Hangars/Hangar_v2/Hangar_v2_basic.prefab
  artifactKey: Guid(231f567299ef5844f8dca0461bf7a80b) Importer(815301076,1909f56bfc062723c751e8b465ee728b)
Start importing Assets/Mapa_Y_Escenas/Buildings/Industrial/Hangars/Hangar_v2/Hangar_v2_basic.prefab using Guid(231f567299ef5844f8dca0461bf7a80b) Importer(815301076,1909f56bfc062723c751e8b465ee728b)  -> (artifact id: 'f780de821c3ea189c2a021f6d31bd799') in 0.008160 seconds
Number of updated asset objects reloaded before import = 0
Number of asset objects unloaded after import = 10
========================================================================
Received Import Request.
  Time since last request: 0.000022 seconds.
  path: Assets/Mapa_Y_Escenas/Buildings/Industrial/Hangars/Hangar_v2/Hangar_v2_4.prefab
  artifactKey: Guid(669a1884e0888f24480fbd70cc8ecb73) Importer(815301076,1909f56bfc062723c751e8b465ee728b)
Start importing Assets/Mapa_Y_Escenas/Buildings/Industrial/Hangars/Hangar_v2/Hangar_v2_4.prefab using Guid(669a1884e0888f24480fbd70cc8ecb73) Importer(815301076,1909f56bfc062723c751e8b465ee728b)  -> (artifact id: 'b30582fd8aec1eeaf0095141a517518c') in 0.007903 seconds
Number of updated asset objects reloaded before import = 0
Number of asset objects unloaded after import = 14
Editor requested this worker to shutdown with reason: Scaling down because of idle timeout
TcpMessagingSession - receive error: operation aborted. errorcode: 995, details: La operación de E/S se anuló por una salida de subproceso o por una solicitud de aplicación.
AssetImportWorker is now disconnected from the server
Process exiting
Exiting without the bug reporter. Application will terminate with return code 0