Using pre-set license
Built from '2022.3/staging' branch; Version is '2022.3.22f1 (887be4894c44) revision 8944612'; Using compiler version '192829333'; Build Type 'Release'
OS: 'Windows 10  (10.0.19045) 64bit Professional' Language: 'es' Physical Memory: 16223 MB
BatchMode: 1, IsHumanControllingUs: 0, StartBugReporterOnCrash: 0, Is64bit: 1, IsPro: 1

COMMAND LINE ARGUMENTS:
C:\Program Files\Unity\Hub\Editor\2022.3.22f1\Editor\Unity.exe
-adb2
-batchMode
-noUpm
-name
AssetImportWorker7
-projectPath
C:/Users/LAB01-15/Documents/GitHub/Dinastia_Nuclear
-logFile
Logs/AssetImportWorker7.log
-srvPort
50271
Successfully changed project path to: C:/Users/LAB01-15/Documents/GitHub/Dinastia_Nuclear
C:/Users/LAB01-15/Documents/GitHub/Dinastia_Nuclear
[UnityMemory] Configuration Parameters - Can be set up in boot.config
    "memorysetup-bucket-allocator-granularity=16"
    "memorysetup-bucket-allocator-bucket-count=8"
    "memorysetup-bucket-allocator-block-size=33554432"
    "memorysetup-bucket-allocator-block-count=8"
    "memorysetup-main-allocator-block-size=16777216"
    "memorysetup-thread-allocator-block-size=16777216"
    "memorysetup-gfx-main-allocator-block-size=16777216"
    "memorysetup-gfx-thread-allocator-block-size=16777216"
    "memorysetup-cache-allocator-block-size=4194304"
    "memorysetup-typetree-allocator-block-size=2097152"
    "memorysetup-profiler-bucket-allocator-granularity=16"
    "memorysetup-profiler-bucket-allocator-bucket-count=8"
    "memorysetup-profiler-bucket-allocator-block-size=33554432"
    "memorysetup-profiler-bucket-allocator-block-count=8"
    "memorysetup-profiler-allocator-block-size=16777216"
    "memorysetup-profiler-editor-allocator-block-size=1048576"
    "memorysetup-temp-allocator-size-main=16777216"
    "memorysetup-job-temp-allocator-block-size=2097152"
    "memorysetup-job-temp-allocator-block-size-background=1048576"
    "memorysetup-job-temp-allocator-reduction-small-platforms=262144"
    "memorysetup-allocator-temp-initial-block-size-main=262144"
    "memorysetup-allocator-temp-initial-block-size-worker=262144"
    "memorysetup-temp-allocator-size-background-worker=32768"
    "memorysetup-temp-allocator-size-job-worker=262144"
    "memorysetup-temp-allocator-size-preload-manager=33554432"
    "memorysetup-temp-allocator-size-nav-mesh-worker=65536"
    "memorysetup-temp-allocator-size-audio-worker=65536"
    "memorysetup-temp-allocator-size-cloud-worker=32768"
    "memorysetup-temp-allocator-size-gi-baking-worker=262144"
    "memorysetup-temp-allocator-size-gfx=262144"
Player connection [19064] Host "[IP] 100.0.0.88 [Port] 0 [Flags] 2 [Guid] 1506711181 [EditorId] 1506711181 [Version] 1048832 [Id] WindowsEditor(7,LAB01-15) [Debug] 1 [PackageName] WindowsEditor [ProjectName] Editor" joined multi-casting on [225.0.0.222:54997]...

Player connection [19064] Host "[IP] 100.0.0.88 [Port] 0 [Flags] 2 [Guid] 1506711181 [EditorId] 1506711181 [Version] 1048832 [Id] WindowsEditor(7,LAB01-15) [Debug] 1 [PackageName] WindowsEditor [ProjectName] Editor" joined alternative multi-casting on [225.0.0.222:34997]...

[Physics::Module] Initialized MultithreadedJobDispatcher with 19 workers.
Refreshing native plugins compatible for Editor in 8.82 ms, found 3 plugins.
Preloading 0 native plugins for Editor in 0.00 ms.
Initialize engine version: 2022.3.22f1 (887be4894c44)
[Subsystems] Discovering subsystems at path C:/Program Files/Unity/Hub/Editor/2022.3.22f1/Editor/Data/Resources/UnitySubsystems
[Subsystems] Discovering subsystems at path C:/Users/LAB01-15/Documents/GitHub/Dinastia_Nuclear/Assets
GfxDevice: creating device client; threaded=0; jobified=0
Direct3D:
    Version:  Direct3D 11.0 [level 11.1]
    Renderer: NVIDIA GeForce RTX 4060 (ID=0x2882)
    Vendor:   NVIDIA
    VRAM:     7957 MB
    Driver:   31.0.15.5212
Initialize mono
Mono path[0] = 'C:/Program Files/Unity/Hub/Editor/2022.3.22f1/Editor/Data/Managed'
Mono path[1] = 'C:/Program Files/Unity/Hub/Editor/2022.3.22f1/Editor/Data/MonoBleedingEdge/lib/mono/unityjit-win32'
Mono config path = 'C:/Program Files/Unity/Hub/Editor/2022.3.22f1/Editor/Data/MonoBleedingEdge/etc'
Using monoOptions --debugger-agent=transport=dt_socket,embedding=1,server=y,suspend=n,address=127.0.0.1:56932
Begin MonoManager ReloadAssembly
Registering precompiled unity dll's ...
Register platform support module: C:/Program Files/Unity/Hub/Editor/2022.3.22f1/Editor/Data/PlaybackEngines/WindowsStandaloneSupport/UnityEditor.WindowsStandalone.Extensions.dll
Registered in 0.008930 seconds.
- Loaded All Assemblies, in  0.362 seconds
Native extension for WindowsStandalone target not found
Mono: successfully reloaded assembly
- Finished resetting the current domain, in  0.283 seconds
Domain Reload Profiling: 643ms
	BeginReloadAssembly (117ms)
		ExecutionOrderSort (0ms)
		DisableScriptedObjects (0ms)
		BackupInstance (0ms)
		ReleaseScriptingObjects (0ms)
		CreateAndSetChildDomain (1ms)
	RebuildCommonClasses (34ms)
	RebuildNativeTypeToScriptingClass (12ms)
	initialDomainReloadingComplete (64ms)
	LoadAllAssembliesAndSetupDomain (133ms)
		LoadAssemblies (114ms)
		RebuildTransferFunctionScriptingTraits (0ms)
		AnalyzeDomain (131ms)
			TypeCache.Refresh (130ms)
				TypeCache.ScanAssembly (117ms)
			ScanForSourceGeneratedMonoScriptInfo (0ms)
			ResolveRequiredComponents (0ms)
	FinalizeReload (284ms)
		ReleaseScriptCaches (0ms)
		RebuildScriptCaches (0ms)
		SetupLoadedEditorAssemblies (223ms)
			LogAssemblyErrors (0ms)
			InitializePlatformSupportModulesInManaged (10ms)
			SetLoadedEditorAssemblies (8ms)
			RefreshPlugins (0ms)
			BeforeProcessingInitializeOnLoad (2ms)
			ProcessInitializeOnLoadAttributes (155ms)
			ProcessInitializeOnLoadMethodAttributes (49ms)
			AfterProcessingInitializeOnLoad (0ms)
			EditorAssembliesLoaded (0ms)
		ExecutionOrderSort2 (0ms)
		AwakeInstancesAfterBackupRestoration (0ms)
========================================================================
Worker process is ready to serve import requests
Begin MonoManager ReloadAssembly
- Loaded All Assemblies, in  0.663 seconds
Refreshing native plugins compatible for Editor in 4.91 ms, found 3 plugins.
Native extension for WindowsStandalone target not found
Package Manager log level set to [2]
[Package Manager] Server::EnsureServerProcessIsRunning -- launch failed, reason: Unity was launched with the -noUpm command-line argument
[Package Manager] UpmClient::Send -- Unable to send message (not connected to UPM process).
[Package Manager] Cannot connect to Unity Package Manager local server
Mono: successfully reloaded assembly
- Finished resetting the current domain, in  0.702 seconds
Domain Reload Profiling: 1362ms
	BeginReloadAssembly (153ms)
		ExecutionOrderSort (0ms)
		DisableScriptedObjects (6ms)
		BackupInstance (0ms)
		ReleaseScriptingObjects (0ms)
		CreateAndSetChildDomain (19ms)
	RebuildCommonClasses (33ms)
	RebuildNativeTypeToScriptingClass (11ms)
	initialDomainReloadingComplete (45ms)
	LoadAllAssembliesAndSetupDomain (418ms)
		LoadAssemblies (321ms)
		RebuildTransferFunctionScriptingTraits (0ms)
		AnalyzeDomain (187ms)
			TypeCache.Refresh (162ms)
				TypeCache.ScanAssembly (147ms)
			ScanForSourceGeneratedMonoScriptInfo (17ms)
			ResolveRequiredComponents (6ms)
	FinalizeReload (702ms)
		ReleaseScriptCaches (0ms)
		RebuildScriptCaches (0ms)
		SetupLoadedEditorAssemblies (544ms)
			LogAssemblyErrors (0ms)
			InitializePlatformSupportModulesInManaged (7ms)
			SetLoadedEditorAssemblies (4ms)
			RefreshPlugins (0ms)
			BeforeProcessingInitializeOnLoad (65ms)
			ProcessInitializeOnLoadAttributes (435ms)
			ProcessInitializeOnLoadMethodAttributes (23ms)
			AfterProcessingInitializeOnLoad (9ms)
			EditorAssembliesLoaded (0ms)
		ExecutionOrderSort2 (0ms)
		AwakeInstancesAfterBackupRestoration (6ms)
Launched and connected shader compiler UnityShaderCompiler.exe after 0.03 seconds
Refreshing native plugins compatible for Editor in 4.87 ms, found 3 plugins.
Preloading 0 native plugins for Editor in 0.00 ms.
Unloading 3570 Unused Serialized files (Serialized files now loaded: 0)
Unloading 75 unused Assets / (2.1 MB). Loaded Objects now: 4050.
Memory consumption went from 177.3 MB to 175.1 MB.
Total: 3.786000 ms (FindLiveObjects: 0.450000 ms CreateObjectMapping: 0.158500 ms MarkObjects: 2.612100 ms  DeleteObjects: 0.562400 ms)

AssetImportParameters requested are different than current active one (requested -> active):
  custom:container-demuxer-ogg: 62fdf1f143b41e24485cea50d1cbac27 -> 
  custom:video-decoder-ogg-theora: a1e56fd34408186e4bbccfd4996cb3dc -> 
  custom:framework-win-MediaFoundation: 216162199b28c13a410421893ffa2e32 -> 
  custom:CustomObjectIndexerAttribute: 9a22284fe3817be447336de3de66b15e -> 
  custom:container-demuxer-webm: 4f35f7cbe854078d1ac9338744f61a02 -> 
  custom:container-muxer-webm: aa71ff27fc2769a1b78a27578f13a17b -> 
  custom:video-decoder-webm-vp8: 9c59270c3fd7afecdb556c50c9e8de78 -> 
  custom:SearchIndexIgnoredProperties: e643bd26f0fe6173181afceb89e7c659 -> 
  custom:AudioImporter_EditorPlatform: d09bf68614088b80899f8185d706f6e7 -> 
  custom:video-encoder-webm-vp8: eb34c28f22e8b96e1ab97ce403110664 -> 
  custom:audio-decoder-ogg-vorbis: bf7c407c2cedff20999df2af8eb42d56 -> 
  custom:audio-encoder-webm-vorbis: bf7c407c2cedff20999df2af8eb42d56 -> 
========================================================================
Received Import Request.
  Time since last request: 3653.399923 seconds.
  path: Assets/Mapa_Y_Escenas/Buildings/Industrial/Hangars/Hangar_v2/Hangar_v2_outbuilding1.prefab
  artifactKey: Guid(85de863b6df462e45a068d7d86850ec2) Importer(815301076,1909f56bfc062723c751e8b465ee728b)
Start importing Assets/Mapa_Y_Escenas/Buildings/Industrial/Hangars/Hangar_v2/Hangar_v2_outbuilding1.prefab using Guid(85de863b6df462e45a068d7d86850ec2) Importer(815301076,1909f56bfc062723c751e8b465ee728b)  -> (artifact id: 'd1cf3c7c3cedb494858269ef99167655') in 0.099286 seconds
Number of updated asset objects reloaded before import = 0
Number of asset objects unloaded after import = 9
========================================================================
Received Import Request.
  Time since last request: 0.000018 seconds.
  path: Assets/Mapa_Y_Escenas/Buildings/Industrial/Hangars/Hangar_v2/Hangar_v2_outbuilding2.prefab
  artifactKey: Guid(d4f156acee3c5774e84366f3db534889) Importer(815301076,1909f56bfc062723c751e8b465ee728b)
Start importing Assets/Mapa_Y_Escenas/Buildings/Industrial/Hangars/Hangar_v2/Hangar_v2_outbuilding2.prefab using Guid(d4f156acee3c5774e84366f3db534889) Importer(815301076,1909f56bfc062723c751e8b465ee728b)  -> (artifact id: 'bd8fe33478abd63689c859b2e336e988') in 0.008701 seconds
Number of updated asset objects reloaded before import = 0
Number of asset objects unloaded after import = 9
========================================================================
Received Prepare
Begin MonoManager ReloadAssembly
- Loaded All Assemblies, in  0.514 seconds
Refreshing native plugins compatible for Editor in 4.96 ms, found 3 plugins.
Native extension for WindowsStandalone target not found
[Package Manager] Server::EnsureServerProcessIsRunning -- launch failed, reason: Unity was launched with the -noUpm command-line argument
[Package Manager] UpmClient::Send -- Unable to send message (not connected to UPM process).
[Package Manager] Cannot connect to Unity Package Manager local server
Mono: successfully reloaded assembly
- Finished resetting the current domain, in  1.340 seconds
Domain Reload Profiling: 1852ms
	BeginReloadAssembly (157ms)
		ExecutionOrderSort (0ms)
		DisableScriptedObjects (5ms)
		BackupInstance (0ms)
		ReleaseScriptingObjects (0ms)
		CreateAndSetChildDomain (36ms)
	RebuildCommonClasses (33ms)
	RebuildNativeTypeToScriptingClass (12ms)
	initialDomainReloadingComplete (34ms)
	LoadAllAssembliesAndSetupDomain (274ms)
		LoadAssemblies (342ms)
		RebuildTransferFunctionScriptingTraits (0ms)
		AnalyzeDomain (17ms)
			TypeCache.Refresh (7ms)
				TypeCache.ScanAssembly (0ms)
			ScanForSourceGeneratedMonoScriptInfo (0ms)
			ResolveRequiredComponents (9ms)
	FinalizeReload (1341ms)
		ReleaseScriptCaches (0ms)
		RebuildScriptCaches (0ms)
		SetupLoadedEditorAssemblies (575ms)
			LogAssemblyErrors (0ms)
			InitializePlatformSupportModulesInManaged (8ms)
			SetLoadedEditorAssemblies (5ms)
			RefreshPlugins (0ms)
			BeforeProcessingInitializeOnLoad (75ms)
			ProcessInitializeOnLoadAttributes (450ms)
			ProcessInitializeOnLoadMethodAttributes (26ms)
			AfterProcessingInitializeOnLoad (10ms)
			EditorAssembliesLoaded (0ms)
		ExecutionOrderSort2 (0ms)
		AwakeInstancesAfterBackupRestoration (8ms)
Refreshing native plugins compatible for Editor in 4.70 ms, found 3 plugins.
Preloading 0 native plugins for Editor in 0.00 ms.
Unloading 3474 Unused Serialized files (Serialized files now loaded: 0)
Unloading 44 unused Assets / (2.1 MB). Loaded Objects now: 4073.
Memory consumption went from 161.4 MB to 159.3 MB.
Total: 3.741200 ms (FindLiveObjects: 0.535700 ms CreateObjectMapping: 0.132700 ms MarkObjects: 2.563900 ms  DeleteObjects: 0.507800 ms)

Prepare: number of updated asset objects reloaded= 0
AssetImportParameters requested are different than current active one (requested -> active):
  custom:container-demuxer-ogg: 62fdf1f143b41e24485cea50d1cbac27 -> 
  custom:video-decoder-ogg-theora: a1e56fd34408186e4bbccfd4996cb3dc -> 
  custom:framework-win-MediaFoundation: 216162199b28c13a410421893ffa2e32 -> 
  custom:CustomObjectIndexerAttribute: 9a22284fe3817be447336de3de66b15e -> 
  custom:container-demuxer-webm: 4f35f7cbe854078d1ac9338744f61a02 -> 
  custom:container-muxer-webm: aa71ff27fc2769a1b78a27578f13a17b -> 
  custom:video-decoder-webm-vp8: 9c59270c3fd7afecdb556c50c9e8de78 -> 
  custom:SearchIndexIgnoredProperties: e643bd26f0fe6173181afceb89e7c659 -> 
  custom:AudioImporter_EditorPlatform: d09bf68614088b80899f8185d706f6e7 -> 
  custom:video-encoder-webm-vp8: eb34c28f22e8b96e1ab97ce403110664 -> 
  custom:audio-decoder-ogg-vorbis: bf7c407c2cedff20999df2af8eb42d56 -> 
  custom:audio-encoder-webm-vorbis: bf7c407c2cedff20999df2af8eb42d56 -> 
========================================================================
Received Prepare
Begin MonoManager ReloadAssembly
- Loaded All Assemblies, in  0.491 seconds
Refreshing native plugins compatible for Editor in 6.03 ms, found 3 plugins.
Native extension for WindowsStandalone target not found
[Package Manager] Server::EnsureServerProcessIsRunning -- launch failed, reason: Unity was launched with the -noUpm command-line argument
[Package Manager] UpmClient::Send -- Unable to send message (not connected to UPM process).
[Package Manager] Cannot connect to Unity Package Manager local server
Mono: successfully reloaded assembly
- Finished resetting the current domain, in  1.287 seconds
Domain Reload Profiling: 1775ms
	BeginReloadAssembly (154ms)
		ExecutionOrderSort (0ms)
		DisableScriptedObjects (6ms)
		BackupInstance (0ms)
		ReleaseScriptingObjects (0ms)
		CreateAndSetChildDomain (30ms)
	RebuildCommonClasses (33ms)
	RebuildNativeTypeToScriptingClass (12ms)
	initialDomainReloadingComplete (33ms)
	LoadAllAssembliesAndSetupDomain (256ms)
		LoadAssemblies (322ms)
		RebuildTransferFunctionScriptingTraits (0ms)
		AnalyzeDomain (17ms)
			TypeCache.Refresh (7ms)
				TypeCache.ScanAssembly (0ms)
			ScanForSourceGeneratedMonoScriptInfo (0ms)
			ResolveRequiredComponents (9ms)
	FinalizeReload (1287ms)
		ReleaseScriptCaches (0ms)
		RebuildScriptCaches (0ms)
		SetupLoadedEditorAssemblies (590ms)
			LogAssemblyErrors (0ms)
			InitializePlatformSupportModulesInManaged (8ms)
			SetLoadedEditorAssemblies (5ms)
			RefreshPlugins (0ms)
			BeforeProcessingInitializeOnLoad (80ms)
			ProcessInitializeOnLoadAttributes (460ms)
			ProcessInitializeOnLoadMethodAttributes (26ms)
			AfterProcessingInitializeOnLoad (10ms)
			EditorAssembliesLoaded (0ms)
		ExecutionOrderSort2 (0ms)
		AwakeInstancesAfterBackupRestoration (8ms)
Refreshing native plugins compatible for Editor in 5.20 ms, found 3 plugins.
Preloading 0 native plugins for Editor in 0.00 ms.
Unloading 3474 Unused Serialized files (Serialized files now loaded: 0)
Unloading 44 unused Assets / (2.1 MB). Loaded Objects now: 4088.
Memory consumption went from 163.3 MB to 161.2 MB.
Total: 3.756400 ms (FindLiveObjects: 0.472700 ms CreateObjectMapping: 0.131200 ms MarkObjects: 2.631800 ms  DeleteObjects: 0.519800 ms)

Prepare: number of updated asset objects reloaded= 0
AssetImportParameters requested are different than current active one (requested -> active):
  custom:container-demuxer-ogg: 62fdf1f143b41e24485cea50d1cbac27 -> 
  custom:video-decoder-ogg-theora: a1e56fd34408186e4bbccfd4996cb3dc -> 
  custom:framework-win-MediaFoundation: 216162199b28c13a410421893ffa2e32 -> 
  custom:CustomObjectIndexerAttribute: 9a22284fe3817be447336de3de66b15e -> 
  custom:container-demuxer-webm: 4f35f7cbe854078d1ac9338744f61a02 -> 
  custom:container-muxer-webm: aa71ff27fc2769a1b78a27578f13a17b -> 
  custom:video-decoder-webm-vp8: 9c59270c3fd7afecdb556c50c9e8de78 -> 
  custom:SearchIndexIgnoredProperties: e643bd26f0fe6173181afceb89e7c659 -> 
  custom:AudioImporter_EditorPlatform: d09bf68614088b80899f8185d706f6e7 -> 
  custom:video-encoder-webm-vp8: eb34c28f22e8b96e1ab97ce403110664 -> 
  custom:audio-decoder-ogg-vorbis: bf7c407c2cedff20999df2af8eb42d56 -> 
  custom:audio-encoder-webm-vorbis: bf7c407c2cedff20999df2af8eb42d56 -> 
========================================================================
Received Import Request.
  Time since last request: 1528.079137 seconds.
  path: Assets/ElementosNivel_1/Flooded_Grounds/Prefabs/Atmospherics/ATM_Leaves_A.prefab
  artifactKey: Guid(0d4dd2e060f00094f90a86962c2a13a4) Importer(815301076,1909f56bfc062723c751e8b465ee728b)
Start importing Assets/ElementosNivel_1/Flooded_Grounds/Prefabs/Atmospherics/ATM_Leaves_A.prefab using Guid(0d4dd2e060f00094f90a86962c2a13a4) Importer(815301076,1909f56bfc062723c751e8b465ee728b)  -> (artifact id: 'b84cc6b033931d722aeda2e53215ef91') in 0.224648 seconds
Number of updated asset objects reloaded before import = 0
Number of asset objects unloaded after import = 8
========================================================================
Received Import Request.
  Time since last request: 0.006368 seconds.
  path: Assets/ElementosNivel_1/Flooded_Grounds/Prefabs/Atmospherics/ATM_Leaves_B.prefab
  artifactKey: Guid(ab1d7b194de648340a71ccc21062a218) Importer(815301076,1909f56bfc062723c751e8b465ee728b)
Start importing Assets/ElementosNivel_1/Flooded_Grounds/Prefabs/Atmospherics/ATM_Leaves_B.prefab using Guid(ab1d7b194de648340a71ccc21062a218) Importer(815301076,1909f56bfc062723c751e8b465ee728b)  -> (artifact id: '83d20cbc2f0832a773cd93abaeade6ef') in 0.025535 seconds
Number of updated asset objects reloaded before import = 0
Number of asset objects unloaded after import = 8
========================================================================
Received Import Request.
  Time since last request: 0.000149 seconds.
  path: Assets/ElementosNivel_1/Flooded_Grounds/Prefabs/Buildings/Barns/Barn2_End_A.prefab
  artifactKey: Guid(187cfe41b73208f4ca3c7033eb15603d) Importer(815301076,1909f56bfc062723c751e8b465ee728b)
Start importing Assets/ElementosNivel_1/Flooded_Grounds/Prefabs/Buildings/Barns/Barn2_End_A.prefab using Guid(187cfe41b73208f4ca3c7033eb15603d) Importer(815301076,1909f56bfc062723c751e8b465ee728b)  -> (artifact id: '57a2b00dab79ec5f41af74833194921a') in 0.204739 seconds
Number of updated asset objects reloaded before import = 0
Number of asset objects unloaded after import = 18
========================================================================
Received Import Request.
  Time since last request: 0.000026 seconds.
  path: Assets/ElementosNivel_1/Flooded_Grounds/Prefabs/Buildings/Barns/Barn1_End_B.prefab
  artifactKey: Guid(c5eecfcfa4f017648b3c8d62a4286b46) Importer(815301076,1909f56bfc062723c751e8b465ee728b)
Start importing Assets/ElementosNivel_1/Flooded_Grounds/Prefabs/Buildings/Barns/Barn1_End_B.prefab using Guid(c5eecfcfa4f017648b3c8d62a4286b46) Importer(815301076,1909f56bfc062723c751e8b465ee728b)  -> (artifact id: 'adb4abcae1c7d22297220edd2d370d38') in 0.053310 seconds
Number of updated asset objects reloaded before import = 0
Number of asset objects unloaded after import = 18
========================================================================
Received Import Request.
  Time since last request: 0.000023 seconds.
  path: Assets/Mapa_Y_Escenas/Barrels/Barrel_v2/Barrel_v2_single.prefab
  artifactKey: Guid(ddf0187b9b9cef54bab5c9c49969758a) Importer(815301076,1909f56bfc062723c751e8b465ee728b)
Start importing Assets/Mapa_Y_Escenas/Barrels/Barrel_v2/Barrel_v2_single.prefab using Guid(ddf0187b9b9cef54bab5c9c49969758a) Importer(815301076,1909f56bfc062723c751e8b465ee728b)  -> (artifact id: '13b9c98aecc68314ef47a361677d7f9d') in 0.006459 seconds
Number of updated asset objects reloaded before import = 0
Number of asset objects unloaded after import = 10
========================================================================
Received Import Request.
  Time since last request: 0.000013 seconds.
  path: Assets/ElementosNivel_1/Flooded_Grounds/Prefabs/Buildings/Barns/Barn1_Door_A.prefab
  artifactKey: Guid(e13d1dd634af0b14eb644117aa5bfdf8) Importer(815301076,1909f56bfc062723c751e8b465ee728b)
Start importing Assets/ElementosNivel_1/Flooded_Grounds/Prefabs/Buildings/Barns/Barn1_Door_A.prefab using Guid(e13d1dd634af0b14eb644117aa5bfdf8) Importer(815301076,1909f56bfc062723c751e8b465ee728b)  -> (artifact id: 'a628c5c4d825732f71622b7c4007165e') in 0.064654 seconds
Number of updated asset objects reloaded before import = 0
Number of asset objects unloaded after import = 17
========================================================================
Received Import Request.
  Time since last request: 0.000023 seconds.
  path: Assets/Mapa_Y_Escenas/Other_props/Palets/Bags_on_pallet_v1/Bags_on_pallet_v1_2.prefab
  artifactKey: Guid(7664aa771caa1ce42965283fa24dbbd2) Importer(815301076,1909f56bfc062723c751e8b465ee728b)
Start importing Assets/Mapa_Y_Escenas/Other_props/Palets/Bags_on_pallet_v1/Bags_on_pallet_v1_2.prefab using Guid(7664aa771caa1ce42965283fa24dbbd2) Importer(815301076,1909f56bfc062723c751e8b465ee728b)  -> (artifact id: '8fa1ec648eb762d0db09733d66f05071') in 0.009883 seconds
Number of updated asset objects reloaded before import = 0
Number of asset objects unloaded after import = 10
========================================================================
Received Import Request.
  Time since last request: 0.000017 seconds.
  path: Assets/Mapa_Y_Escenas/Barrels/Barrel_v1/Barrel_v1_LD3.prefab
  artifactKey: Guid(85a8f6f8dca77df4e9c05f21b5e8ed87) Importer(815301076,1909f56bfc062723c751e8b465ee728b)
Start importing Assets/Mapa_Y_Escenas/Barrels/Barrel_v1/Barrel_v1_LD3.prefab using Guid(85a8f6f8dca77df4e9c05f21b5e8ed87) Importer(815301076,1909f56bfc062723c751e8b465ee728b)  -> (artifact id: '8b966ee007bbc8ed0c8629428622828c') in 0.008848 seconds
Number of updated asset objects reloaded before import = 0
Number of asset objects unloaded after import = 10
========================================================================
Received Import Request.
  Time since last request: 0.000021 seconds.
  path: Assets/Mapa_Y_Escenas/Barrels/Barrel_v1/Barrel_v1_LD1.prefab
  artifactKey: Guid(a22c0c7e17126fa4f89534dc98bcac8f) Importer(815301076,1909f56bfc062723c751e8b465ee728b)
Start importing Assets/Mapa_Y_Escenas/Barrels/Barrel_v1/Barrel_v1_LD1.prefab using Guid(a22c0c7e17126fa4f89534dc98bcac8f) Importer(815301076,1909f56bfc062723c751e8b465ee728b)  -> (artifact id: 'd152e54639249671feb6ddbc89688ac3') in 0.008625 seconds
Number of updated asset objects reloaded before import = 0
Number of asset objects unloaded after import = 10
========================================================================
Received Import Request.
  Time since last request: 0.000016 seconds.
  path: Assets/Mapa_Y_Escenas/Other_props/Palets/Bags_on_pallet_v1/Bags_on_pallet_v1_1.prefab
  artifactKey: Guid(6d21e769def7d504ea22abcb06173633) Importer(815301076,1909f56bfc062723c751e8b465ee728b)
Start importing Assets/Mapa_Y_Escenas/Other_props/Palets/Bags_on_pallet_v1/Bags_on_pallet_v1_1.prefab using Guid(6d21e769def7d504ea22abcb06173633) Importer(815301076,1909f56bfc062723c751e8b465ee728b)  -> (artifact id: '35f75b77364e37690435e151bb5eae58') in 0.008614 seconds
Number of updated asset objects reloaded before import = 0
Number of asset objects unloaded after import = 10
Editor requested this worker to shutdown with reason: Scaling down because of idle timeout
TcpMessagingSession - receive error: operation aborted. errorcode: 995, details: La operación de E/S se anuló por una salida de subproceso o por una solicitud de aplicación.
AssetImportWorker is now disconnected from the server
Process exiting
Exiting without the bug reporter. Application will terminate with return code 0